[debug] [2025-01-23T15:49:35.066Z] ----------------------------------------------------------------------
[debug] [2025-01-23T15:49:35.071Z] Command:       C:\Program Files\nodejs\node.exe C:\Users\klsantos1\AppData\Roaming\npm\node_modules\firebase-tools\lib\bin\firebase.js init
[debug] [2025-01-23T15:49:35.071Z] CLI Version:   13.29.2
[debug] [2025-01-23T15:49:35.071Z] Platform:      win32
[debug] [2025-01-23T15:49:35.071Z] Node Version:  v20.12.1
[debug] [2025-01-23T15:49:35.071Z] Time:          Thu Jan 23 2025 12:49:35 GMT-0300 (Horário Padrão de Brasília)
[debug] [2025-01-23T15:49:35.071Z] ----------------------------------------------------------------------
[debug] 
[debug] [2025-01-23T15:49:35.244Z] > command requires scopes: ["email","openid","https://www.googleapis.com/auth/cloudplatformprojects.readonly","https://www.googleapis.com/auth/firebase","https://www.googleapis.com/auth/cloud-platform"]
[debug] [2025-01-23T15:49:35.245Z] > authorizing via signed-in user (kaualealdev@gmail.com)
[info] 
     ######## #### ########  ######## ########     ###     ######  ########
     ##        ##  ##     ## ##       ##     ##  ##   ##  ##       ##
     ######    ##  ########  ######   ########  #########  ######  ######
     ##        ##  ##    ##  ##       ##     ## ##     ##       ## ##
     ##       #### ##     ## ######## ########  ##     ##  ######  ########

You're about to initialize a Firebase project in this directory:

  C:\Users\klsantos1\Desktop\Projects\Pessoais\polara-innovations-landing-page

Before we get started, keep in mind:

  * You are initializing within an existing Firebase project directory

[info] 
=== Project Setup
[info] 
[info] First, let's associate this project directory with a Firebase project.
[info] You can create multiple project aliases by running firebase use --add, 
[info] but for now we'll just set up a default project.
[info] 
[debug] [2025-01-23T15:49:41.508Z] Checked if tokens are valid: true, expires at: 1737650685329
[debug] [2025-01-23T15:49:41.508Z] Checked if tokens are valid: true, expires at: 1737650685329
[debug] [2025-01-23T15:49:41.509Z] >>> [apiv2][query] GET https://firebase.googleapis.com/v1beta1/projects pageSize=100
[debug] [2025-01-23T15:49:42.326Z] <<< [apiv2][status] GET https://firebase.googleapis.com/v1beta1/projects 200
[debug] [2025-01-23T15:49:42.326Z] <<< [apiv2][body] GET https://firebase.googleapis.com/v1beta1/projects [omitted]
[debug] [2025-01-23T15:49:55.028Z] ----------------------------------------------------------------------
[debug] [2025-01-23T15:49:55.034Z] Command:       C:\Program Files\nodejs\node.exe C:\Users\klsantos1\AppData\Roaming\npm\node_modules\firebase-tools\lib\bin\firebase.js init
[debug] [2025-01-23T15:49:55.034Z] CLI Version:   13.29.2
[debug] [2025-01-23T15:49:55.034Z] Platform:      win32
[debug] [2025-01-23T15:49:55.034Z] Node Version:  v20.12.1
[debug] [2025-01-23T15:49:55.034Z] Time:          Thu Jan 23 2025 12:49:55 GMT-0300 (Horário Padrão de Brasília)
[debug] [2025-01-23T15:49:55.034Z] ----------------------------------------------------------------------
[debug] 
[debug] [2025-01-23T15:49:55.223Z] > command requires scopes: ["email","openid","https://www.googleapis.com/auth/cloudplatformprojects.readonly","https://www.googleapis.com/auth/firebase","https://www.googleapis.com/auth/cloud-platform"]
[debug] [2025-01-23T15:49:55.224Z] > authorizing via signed-in user (kaualealdev@gmail.com)
[info] 
     ######## #### ########  ######## ########     ###     ######  ########
     ##        ##  ##     ## ##       ##     ##  ##   ##  ##       ##
     ######    ##  ########  ######   ########  #########  ######  ######
     ##        ##  ##    ##  ##       ##     ## ##     ##       ## ##
     ##       #### ##     ## ######## ########  ##     ##  ######  ########

You're about to initialize a Firebase project in this directory:

  C:\Users\klsantos1\Desktop\Projects\Pessoais\polara-innovations-landing-page

Before we get started, keep in mind:

  * You are initializing within an existing Firebase project directory

